d:\codage\bb_repos\my\isda_me\isda_me\x64\debug\isda_me.pch
d:\codage\bb_repos\my\isda_me\isda_me\x64\debug\vc140.pdb
d:\codage\bb_repos\my\isda_me\isda_me\x64\debug\vc140.idb
d:\codage\bb_repos\my\isda_me\isda_me\x64\debug\stdafx.obj
d:\codage\bb_repos\my\isda_me\isda_me\x64\debug\memorymanager.obj
d:\codage\bb_repos\my\isda_me\isda_me\x64\debug\memorypool.obj
d:\codage\bb_repos\my\isda_me\isda_me\x64\debug\objects.obj
d:\codage\bb_repos\my\isda_me\isda_me\x64\debug\rtbrent.obj
d:\codage\bb_repos\my\isda_me\isda_me\x64\debug\schedule.obj
d:\codage\bb_repos\my\isda_me\isda_me\x64\debug\streamcf.obj
d:\codage\bb_repos\my\isda_me\isda_me\x64\debug\strutil.obj
d:\codage\bb_repos\my\isda_me\isda_me\x64\debug\stub.obj
d:\codage\bb_repos\my\isda_me\isda_me\x64\debug\tcurve.obj
d:\codage\bb_repos\my\isda_me\isda_me\x64\debug\timeline.obj
d:\codage\bb_repos\my\isda_me\isda_me\x64\debug\version.obj
d:\codage\bb_repos\my\isda_me\isda_me\x64\debug\xlutils.obj
d:\codage\bb_repos\my\isda_me\isda_me\x64\debug\yearfrac.obj
d:\codage\bb_repos\my\isda_me\isda_me\x64\debug\zcall.obj
d:\codage\bb_repos\my\isda_me\isda_me\x64\debug\zcswap.obj
d:\codage\bb_repos\my\isda_me\isda_me\x64\debug\zcswdate.obj
d:\codage\bb_repos\my\isda_me\isda_me\x64\debug\zcswutil.obj
d:\codage\bb_repos\my\isda_me\isda_me\x64\debug\zerocurve.obj
d:\codage\bb_repos\my\isda_me\isda_me\x64\debug\zr2coup.obj
d:\codage\bb_repos\my\isda_me\isda_me\x64\debug\zr2fwd.obj
d:\codage\bb_repos\my\isda_me\isda_me\x64\debug\cx.obj
d:\codage\bb_repos\my\isda_me\isda_me\x64\debug\cxbsearch.obj
d:\codage\bb_repos\my\isda_me\isda_me\x64\debug\cxdatelist.obj
d:\codage\bb_repos\my\isda_me\isda_me\x64\debug\cxzerocurve.obj
d:\codage\bb_repos\my\isda_me\isda_me\x64\debug\dateadj.obj
d:\codage\bb_repos\my\isda_me\isda_me\x64\debug\dateconv.obj
d:\codage\bb_repos\my\isda_me\isda_me\x64\debug\datelist.obj
d:\codage\bb_repos\my\isda_me\isda_me\x64\debug\date_sup.obj
d:\codage\bb_repos\my\isda_me\isda_me\x64\debug\defaulted.obj
d:\codage\bb_repos\my\isda_me\isda_me\x64\debug\dtlist.obj
d:\codage\bb_repos\my\isda_me\isda_me\x64\debug\feeleg.obj
d:\codage\bb_repos\my\isda_me\isda_me\x64\debug\fltrate.obj
d:\codage\bb_repos\my\isda_me\isda_me\x64\debug\gtozc.obj
d:\codage\bb_repos\my\isda_me\isda_me\x64\debug\interpc.obj
d:\codage\bb_repos\my\isda_me\isda_me\x64\debug\isda_me.obj
d:\codage\bb_repos\my\isda_me\isda_me\x64\debug\ldate.obj
d:\codage\bb_repos\my\isda_me\isda_me\x64\debug\linterpc.obj
d:\codage\bb_repos\my\isda_me\isda_me\x64\debug\lintrp1.obj
d:\codage\bb_repos\my\isda_me\isda_me\x64\debug\lprintf.obj
d:\codage\bb_repos\my\isda_me\isda_me\x64\debug\lscanf.obj
d:\codage\bb_repos\my\isda_me\isda_me\x64\debug\badday.obj
d:\codage\bb_repos\my\isda_me\isda_me\x64\debug\bsearch.obj
d:\codage\bb_repos\my\isda_me\isda_me\x64\debug\buscache.obj
d:\codage\bb_repos\my\isda_me\isda_me\x64\debug\busday.obj
d:\codage\bb_repos\my\isda_me\isda_me\x64\debug\cashflow.obj
d:\codage\bb_repos\my\isda_me\isda_me\x64\debug\cds.obj
d:\codage\bb_repos\my\isda_me\isda_me\x64\debug\cdsbootstrap.obj
d:\codage\bb_repos\my\isda_me\isda_me\x64\debug\cdsone.obj
d:\codage\bb_repos\my\isda_me\isda_me\x64\debug\cerror.obj
d:\codage\bb_repos\my\isda_me\isda_me\x64\debug\cfileio.obj
d:\codage\bb_repos\my\isda_me\isda_me\x64\debug\cfinanci.obj
d:\codage\bb_repos\my\isda_me\isda_me\x64\debug\cmemory.obj
d:\codage\bb_repos\my\isda_me\isda_me\x64\debug\contingentleg.obj
d:\codage\bb_repos\my\isda_me\isda_me\x64\debug\convert.obj
d:\codage\bb_repos\my\isda_me\isda_me\x64\debug\dllmain.obj
d:\codage\bb_repos\my\isda_me\x64\debug\isda_me.lib
d:\codage\bb_repos\my\isda_me\x64\debug\isda_me.exp
d:\codage\bb_repos\my\isda_me\x64\debug\isda_me.ilk
d:\codage\bb_repos\my\isda_me\x64\debug\isda_me.xll
d:\codage\bb_repos\my\isda_me\x64\debug\isda_me.pdb
d:\codage\bb_repos\my\isda_me\isda_me\x64\debug\isda_me.tlog\cl.command.1.tlog
d:\codage\bb_repos\my\isda_me\isda_me\x64\debug\isda_me.tlog\cl.read.1.tlog
d:\codage\bb_repos\my\isda_me\isda_me\x64\debug\isda_me.tlog\cl.write.1.tlog
d:\codage\bb_repos\my\isda_me\isda_me\x64\debug\isda_me.tlog\isda_me.write.1u.tlog
d:\codage\bb_repos\my\isda_me\isda_me\x64\debug\isda_me.tlog\link.command.1.tlog
d:\codage\bb_repos\my\isda_me\isda_me\x64\debug\isda_me.tlog\link.read.1.tlog
d:\codage\bb_repos\my\isda_me\isda_me\x64\debug\isda_me.tlog\link.write.1.tlog
